Построение начато 12.02.2018 21:53:06.
     1>Проект "C:\Users\misgood\Desktop\13.02 v1\13.02 v1\13.02 v1.vcxproj" в узле 2 (целевые объекты build).
     1>InitializeBuildStatus:
         Обращение к "Debug\13.02 v1.unsuccessfulbuild".
       ClCompile:
         Для всех выходных данных обновления не требуется.
       ManifestResourceCompile:
         Для всех выходных данных обновления не требуется.
       Link:
         C:\Program Files (x86)\Microsoft Visual Studio 10.0\VC\bin\link.exe /ERRORREPORT:PROMPT /OUT:"C:\Users\misgood\Desktop\13.02 v1\Debug\13.02 v1.exe" /INCREMENTAL /NOLOGO kernel32.lib user32.lib gdi32.lib winspool.lib comdlg32.lib advapi32.lib shell32.lib ole32.lib oleaut32.lib uuid.lib odbc32.lib odbccp32.lib /MANIFEST /ManifestFile:"Debug\13.02 v1.exe.intermediate.manifest" /MANIFESTUAC:"level='asInvoker' uiAccess='false'" /DEBUG /PDB:"C:\Users\misgood\Desktop\13.02 v1\Debug\13.02 v1.pdb" /SUBSYSTEM:CONSOLE /TLBID:1 /DYNAMICBASE /NXCOMPAT /IMPLIB:"C:\Users\misgood\Desktop\13.02 v1\Debug\13.02 v1.lib" /MACHINE:X86 "Debug\13.02 v1.exe.embed.manifest.res"
         Debug\cod.obj
       Manifest:
         C:\Program Files (x86)\Microsoft SDKs\Windows\v7.0A\bin\mt.exe /nologo /verbose /out:"Debug\13.02 v1.exe.embed.manifest" /manifest "Debug\13.02 v1.exe.intermediate.manifest"
         Для всех выходных данных обновления не требуется.
       LinkEmbedManifest:
         Для всех выходных данных обновления не требуется.
         13.02 v1.vcxproj -> C:\Users\misgood\Desktop\13.02 v1\Debug\13.02 v1.exe
       FinalizeBuildStatus:
         Файл "Debug\13.02 v1.unsuccessfulbuild" удаляется.
         Обращение к "Debug\13.02 v1.lastbuildstate".
     1>Построение проекта "C:\Users\misgood\Desktop\13.02 v1\13.02 v1\13.02 v1.vcxproj" завершено (целевые объекты build).

Построение успешно завершено.

Затраченное время: 00:00:00.32
