Построение начато 19.06.2018 19:22:08.
     1>Проект "C:\Users\misgood\Desktop\Новая папка\laba 3\laba 3\laba 3.vcxproj" в узле 2 (целевые объекты build).
     1>InitializeBuildStatus:
         Создание "Debug\laba 3.unsuccessfulbuild", так как было задано "AlwaysCreate".
       ClCompile:
         C:\Program Files (x86)\Microsoft Visual Studio 10.0\VC\bin\CL.exe /c /ZI /nologo /W3 /WX- /Od /Oy- /D WIN32 /D _DEBUG /D _CONSOLE /D _UNICODE /D UNICODE /Gm /EHsc /RTC1 /MDd /GS /fp:precise /Zc:wchar_t /Zc:forScope /Fo"Debug\\" /Fd"Debug\vc100.pdb" /Gd /TP /analyze- /errorReport:prompt DVector.cpp main.cpp
         main.cpp
     1>c:\users\misgood\desktop\новая папка\laba 3\laba 3\main.cpp(34): warning C4996: 'getch': The POSIX name for this item is deprecated. Instead, use the ISO C++ conformant name: _getch. See online help for details.
                 c:\program files (x86)\microsoft visual studio 10.0\vc\include\conio.h(128): см. объявление "getch"
         DVector.cpp
         Создание кода...
     1>c:\users\misgood\desktop\новая папка\laba 3\laba 3\dvector.cpp(32): warning C4715: DVector::operator[]: значение возвращается не при всех путях выполнения
       ManifestResourceCompile:
         C:\Program Files (x86)\Microsoft SDKs\Windows\v7.0A\bin\rc.exe /nologo /fo"Debug\laba 3.exe.embed.manifest.res" "Debug\laba 3_manifest.rc" 
       Link:
         C:\Program Files (x86)\Microsoft Visual Studio 10.0\VC\bin\link.exe /ERRORREPORT:PROMPT /OUT:"C:\Users\misgood\Desktop\Новая папка\laba 3\Debug\laba 3.exe" /INCREMENTAL /NOLOGO kernel32.lib user32.lib gdi32.lib winspool.lib comdlg32.lib advapi32.lib shell32.lib ole32.lib oleaut32.lib uuid.lib odbc32.lib odbccp32.lib /MANIFEST /ManifestFile:"Debug\laba 3.exe.intermediate.manifest" /MANIFESTUAC:"level='asInvoker' uiAccess='false'" /DEBUG /PDB:"C:\Users\misgood\Desktop\Новая папка\laba 3\Debug\laba 3.pdb" /SUBSYSTEM:CONSOLE /TLBID:1 /DYNAMICBASE /NXCOMPAT /IMPLIB:"C:\Users\misgood\Desktop\Новая папка\laba 3\Debug\laba 3.lib" /MACHINE:X86 "Debug\laba 3.exe.embed.manifest.res"
         Debug\DVector.obj
         Debug\main.obj
       Manifest:
         C:\Program Files (x86)\Microsoft SDKs\Windows\v7.0A\bin\mt.exe /nologo /verbose /out:"Debug\laba 3.exe.embed.manifest" /manifest "Debug\laba 3.exe.intermediate.manifest"
         Для всех выходных данных обновления не требуется.
       LinkEmbedManifest:
         Для всех выходных данных обновления не требуется.
         laba 3.vcxproj -> C:\Users\misgood\Desktop\Новая папка\laba 3\Debug\laba 3.exe
       FinalizeBuildStatus:
         Файл "Debug\laba 3.unsuccessfulbuild" удаляется.
         Обращение к "Debug\laba 3.lastbuildstate".
     1>Построение проекта "C:\Users\misgood\Desktop\Новая папка\laba 3\laba 3\laba 3.vcxproj" завершено (целевые объекты build).

Построение успешно завершено.

Затраченное время: 00:00:01.11
