Построение начато 12.02.2018 21:54:23.
     1>Проект "C:\Users\misgood\Desktop\13.02 v2\13.02 v2\13.02 v2.vcxproj" в узле 2 (целевые объекты build).
     1>PrepareForBuild:
         Создание каталога "C:\Users\misgood\Desktop\13.02 v2\Debug\".
       InitializeBuildStatus:
         Создание "Debug\13.02 v2.unsuccessfulbuild", так как было задано "AlwaysCreate".
       ClCompile:
         C:\Program Files (x86)\Microsoft Visual Studio 10.0\VC\bin\CL.exe /c /ZI /nologo /W3 /WX- /Od /Oy- /D WIN32 /D _DEBUG /D _CONSOLE /D _UNICODE /D UNICODE /Gm /EHsc /RTC1 /MDd /GS /fp:precise /Zc:wchar_t /Zc:forScope /Fo"Debug\\" /Fd"Debug\vc100.pdb" /Gd /TP /analyze- /errorReport:prompt cod.cpp
         cod.cpp
       ManifestResourceCompile:
         C:\Program Files (x86)\Microsoft SDKs\Windows\v7.0A\bin\rc.exe /nologo /fo"Debug\13.02 v2.exe.embed.manifest.res" "Debug\13.02 v2_manifest.rc" 
       Link:
         C:\Program Files (x86)\Microsoft Visual Studio 10.0\VC\bin\link.exe /ERRORREPORT:PROMPT /OUT:"C:\Users\misgood\Desktop\13.02 v2\Debug\13.02 v2.exe" /INCREMENTAL /NOLOGO kernel32.lib user32.lib gdi32.lib winspool.lib comdlg32.lib advapi32.lib shell32.lib ole32.lib oleaut32.lib uuid.lib odbc32.lib odbccp32.lib /MANIFEST /ManifestFile:"Debug\13.02 v2.exe.intermediate.manifest" /MANIFESTUAC:"level='asInvoker' uiAccess='false'" /DEBUG /PDB:"C:\Users\misgood\Desktop\13.02 v2\Debug\13.02 v2.pdb" /SUBSYSTEM:CONSOLE /TLBID:1 /DYNAMICBASE /NXCOMPAT /IMPLIB:"C:\Users\misgood\Desktop\13.02 v2\Debug\13.02 v2.lib" /MACHINE:X86 "Debug\13.02 v2.exe.embed.manifest.res"
         Debug\cod.obj
       Manifest:
         C:\Program Files (x86)\Microsoft SDKs\Windows\v7.0A\bin\mt.exe /nologo /verbose /out:"Debug\13.02 v2.exe.embed.manifest" /manifest "Debug\13.02 v2.exe.intermediate.manifest"
         C:\Program Files (x86)\Microsoft SDKs\Windows\v7.0A\bin\rc.exe /nologo /fo"Debug\13.02 v2.exe.embed.manifest.res" "Debug\13.02 v2_manifest.rc" 
       LinkEmbedManifest:
         C:\Program Files (x86)\Microsoft Visual Studio 10.0\VC\bin\link.exe /ERRORREPORT:PROMPT /OUT:"C:\Users\misgood\Desktop\13.02 v2\Debug\13.02 v2.exe" /INCREMENTAL /NOLOGO kernel32.lib user32.lib gdi32.lib winspool.lib comdlg32.lib advapi32.lib shell32.lib ole32.lib oleaut32.lib uuid.lib odbc32.lib odbccp32.lib /MANIFEST /ManifestFile:"Debug\13.02 v2.exe.intermediate.manifest" /MANIFESTUAC:"level='asInvoker' uiAccess='false'" /DEBUG /PDB:"C:\Users\misgood\Desktop\13.02 v2\Debug\13.02 v2.pdb" /SUBSYSTEM:CONSOLE /TLBID:1 /DYNAMICBASE /NXCOMPAT /IMPLIB:"C:\Users\misgood\Desktop\13.02 v2\Debug\13.02 v2.lib" /MACHINE:X86 "Debug\13.02 v2.exe.embed.manifest.res"
         Debug\cod.obj
         13.02 v2.vcxproj -> C:\Users\misgood\Desktop\13.02 v2\Debug\13.02 v2.exe
       FinalizeBuildStatus:
         Файл "Debug\13.02 v2.unsuccessfulbuild" удаляется.
         Обращение к "Debug\13.02 v2.lastbuildstate".
     1>Построение проекта "C:\Users\misgood\Desktop\13.02 v2\13.02 v2\13.02 v2.vcxproj" завершено (целевые объекты build).

Построение успешно завершено.

Затраченное время: 00:00:01.09
